<?xml version="1.0" encoding="UTF-8"?>
<!-- Generated by org.testng.reporters.JUnitReportReporter -->
<testsuite hostname="user-PC" name="com.alibaba.webx.MyWebxTest.myWebX.module.service.impl.TestNgTest" tests="1" failures="0" timestamp="17 Jun 2016 11:21:36 GMT" time="0.013" errors="0">
  <testcase name="testNgTest" time="0.013" classname="com.alibaba.webx.MyWebxTest.myWebX.module.service.impl.TestNgTest"/>
</testsuite> <!-- com.alibaba.webx.MyWebxTest.myWebX.module.service.impl.TestNgTest -->
