<?xml version="1.0" encoding="UTF-8"?>
<!-- Generated by org.testng.reporters.JUnitReportReporter -->
<testsuite hostname="user-PC" name="com.alibaba.webx.MyWebxTest.myWebX.module.service.impl.AddressServiceImplTest" tests="1" failures="0" timestamp="16 Jun 2016 10:00:59 GMT" time="0.323" errors="0">
  <testcase name="getAllProvince" time="0.323" classname="com.alibaba.webx.MyWebxTest.myWebX.module.service.impl.AddressServiceImplTest"/>
</testsuite> <!-- com.alibaba.webx.MyWebxTest.myWebX.module.service.impl.AddressServiceImplTest -->
