<?xml version="1.0" encoding="UTF-8"?>
<!-- Generated by org.testng.reporters.JUnitReportReporter -->
<testsuite hostname="user-PC" name="com.alibaba.webx.MyWebxTest.myWebX.module.service.impl.AddressServiceImplTest" tests="1" failures="0" timestamp="31 May 2016 09:42:59 GMT" time="41.843" errors="0">
  <testcase name="getAllProvince" time="41.843" classname="com.alibaba.webx.MyWebxTest.myWebX.module.service.impl.AddressServiceImplTest"/>
</testsuite> <!-- com.alibaba.webx.MyWebxTest.myWebX.module.service.impl.AddressServiceImplTest -->
